{"/Users/edwright/DFA Repos/NewGitHubRepos/developing-with-reactjs/activity-files/RoutedApplication/solution-activity21/src/App.jsx": {"path":"/Users/edwright/DFA Repos/NewGitHubRepos/developing-with-reactjs/activity-files/RoutedApplication/solution-activity21/src/App.jsx","statementMap":{"0":{"start":{"line":11,"column":27},"end":{"line":11,"column":null}},"1":{"start":{"line":14,"column":28},"end":{"line":14,"column":null}},"2":{"start":{"line":15,"column":28},"end":{"line":15,"column":null}},"3":{"start":{"line":17,"column":19},"end":{"line":28,"column":null}},"4":{"start":{"line":18,"column":25},"end":{"line":18,"column":null}},"5":{"start":{"line":19,"column":4},"end":{"line":19,"column":null}},"6":{"start":{"line":20,"column":4},"end":{"line":27,"column":null}},"7":{"start":{"line":21,"column":6},"end":{"line":25,"column":null}},"8":{"start":{"line":26,"column":6},"end":{"line":26,"column":null}},"9":{"start":{"line":30,"column":2},"end":{"line":32,"column":null}},"10":{"start":{"line":31,"column":4},"end":{"line":31,"column":null}},"11":{"start":{"line":34,"column":21},"end":{"line":44,"column":null}},"12":{"start":{"line":35,"column":25},"end":{"line":35,"column":null}},"13":{"start":{"line":36,"column":4},"end":{"line":42,"column":null}},"14":{"start":{"line":37,"column":6},"end":{"line":41,"column":null}},"15":{"start":{"line":43,"column":4},"end":{"line":43,"column":null}},"16":{"start":{"line":46,"column":2},"end":{"line":77,"column":null}},"17":{"start":{"line":48,"column":53},"end":{"line":48,"column":93}}},"fnMap":{"0":{"name":"App","decl":{"start":{"line":13,"column":9},"end":{"line":13,"column":15}},"loc":{"start":{"line":13,"column":15},"end":{"line":79,"column":null}}},"1":{"name":"(anonymous_1)","decl":{"start":{"line":17,"column":19},"end":{"line":17,"column":31}},"loc":{"start":{"line":17,"column":31},"end":{"line":28,"column":null}}},"2":{"name":"(anonymous_2)","decl":{"start":{"line":30,"column":12},"end":{"line":30,"column":18}},"loc":{"start":{"line":30,"column":18},"end":{"line":32,"column":5}}},"3":{"name":"(anonymous_3)","decl":{"start":{"line":34,"column":21},"end":{"line":34,"column":27}},"loc":{"start":{"line":34,"column":35},"end":{"line":44,"column":null}}},"4":{"name":"(anonymous_4)","decl":{"start":{"line":48,"column":47},"end":{"line":48,"column":53}},"loc":{"start":{"line":48,"column":53},"end":{"line":48,"column":93}}}},"branchMap":{"0":{"loc":{"start":{"line":19,"column":4},"end":{"line":19,"column":null}},"type":"binary-expr","locations":[{"start":{"line":19,"column":4},"end":{"line":19,"column":35}},{"start":{"line":19,"column":35},"end":{"line":19,"column":null}}]},"1":{"loc":{"start":{"line":20,"column":4},"end":{"line":27,"column":null}},"type":"if","locations":[{"start":{"line":20,"column":4},"end":{"line":27,"column":null}},{"start":{"line":20,"column":4},"end":{"line":27,"column":null}}]},"2":{"loc":{"start":{"line":36,"column":4},"end":{"line":42,"column":null}},"type":"if","locations":[{"start":{"line":36,"column":4},"end":{"line":42,"column":null}},{"start":{"line":36,"column":4},"end":{"line":42,"column":null}}]},"3":{"loc":{"start":{"line":48,"column":7},"end":{"line":48,"column":null}},"type":"binary-expr","locations":[{"start":{"line":48,"column":7},"end":{"line":48,"column":24}},{"start":{"line":48,"column":24},"end":{"line":48,"column":null}}]}},"s":{"0":1,"1":17,"2":17,"3":17,"4":9,"5":7,"6":7,"7":3,"8":3,"9":17,"10":8,"11":17,"12":2,"13":2,"14":1,"15":1,"16":17,"17":2},"f":{"0":17,"1":9,"2":8,"3":2,"4":2},"b":{"0":[7,4],"1":[3,4],"2":[1,1],"3":[17,4]}}
,"/Users/edwright/DFA Repos/NewGitHubRepos/developing-with-reactjs/activity-files/RoutedApplication/solution-activity21/src/Components/AddEditTodo.jsx": {"path":"/Users/edwright/DFA Repos/NewGitHubRepos/developing-with-reactjs/activity-files/RoutedApplication/solution-activity21/src/Components/AddEditTodo.jsx","statementMap":{"0":{"start":{"line":9,"column":20},"end":{"line":33,"column":null}},"1":{"start":{"line":12,"column":36},"end":{"line":12,"column":null}},"2":{"start":{"line":14,"column":25},"end":{"line":14,"column":null}},"3":{"start":{"line":16,"column":28},"end":{"line":20,"column":null}},"4":{"start":{"line":17,"column":17},"end":{"line":17,"column":null}},"5":{"start":{"line":18,"column":4},"end":{"line":18,"column":null}},"6":{"start":{"line":19,"column":4},"end":{"line":19,"column":null}},"7":{"start":{"line":22,"column":16},"end":{"line":22,"column":null}},"8":{"start":{"line":24,"column":2},"end":{"line":31,"column":null}},"9":{"start":{"line":35,"column":0},"end":{"line":46,"column":null}}},"fnMap":{"0":{"name":"(anonymous_0)","decl":{"start":{"line":9,"column":20},"end":{"line":9,"column":21}},"loc":{"start":{"line":9,"column":47},"end":{"line":33,"column":null}}},"1":{"name":"(anonymous_1)","decl":{"start":{"line":16,"column":28},"end":{"line":16,"column":29}},"loc":{"start":{"line":16,"column":86},"end":{"line":20,"column":null}}}},"branchMap":{"0":{"loc":{"start":{"line":22,"column":16},"end":{"line":22,"column":null}},"type":"cond-expr","locations":[{"start":{"line":22,"column":29},"end":{"line":22,"column":38}},{"start":{"line":22,"column":38},"end":{"line":22,"column":null}}]},"1":{"loc":{"start":{"line":26,"column":7},"end":{"line":26,"column":null}},"type":"binary-expr","locations":[{"start":{"line":26,"column":7},"end":{"line":26,"column":20}},{"start":{"line":26,"column":20},"end":{"line":26,"column":null}}]}},"s":{"0":2,"1":13,"2":13,"3":13,"4":4,"5":4,"6":4,"7":13,"8":13,"9":2},"f":{"0":13,"1":4},"b":{"0":[5,8],"1":[13,4]}}
,"/Users/edwright/DFA Repos/NewGitHubRepos/developing-with-reactjs/activity-files/RoutedApplication/solution-activity21/src/Components/AllTodos.jsx": {"path":"/Users/edwright/DFA Repos/NewGitHubRepos/developing-with-reactjs/activity-files/RoutedApplication/solution-activity21/src/Components/AllTodos.jsx","statementMap":{"0":{"start":{"line":9,"column":17},"end":{"line":44,"column":null}},"1":{"start":{"line":10,"column":40},"end":{"line":13,"column":null}},"2":{"start":{"line":15,"column":4},"end":{"line":19,"column":null}},"3":{"start":{"line":16,"column":34},"end":{"line":16,"column":null}},"4":{"start":{"line":17,"column":9},"end":{"line":17,"column":null}},"5":{"start":{"line":18,"column":8},"end":{"line":18,"column":null}},"6":{"start":{"line":21,"column":19},"end":{"line":21,"column":null}},"7":{"start":{"line":23,"column":18},"end":{"line":27,"column":null}},"8":{"start":{"line":24,"column":21},"end":{"line":24,"column":null}},"9":{"start":{"line":26,"column":8},"end":{"line":26,"column":null}},"10":{"start":{"line":29,"column":4},"end":{"line":42,"column":null}},"11":{"start":{"line":46,"column":0},"end":{"line":60,"column":null}}},"fnMap":{"0":{"name":"(anonymous_0)","decl":{"start":{"line":9,"column":17},"end":{"line":9,"column":18}},"loc":{"start":{"line":9,"column":31},"end":{"line":44,"column":null}}},"1":{"name":"(anonymous_1)","decl":{"start":{"line":15,"column":14},"end":{"line":15,"column":20}},"loc":{"start":{"line":15,"column":20},"end":{"line":19,"column":7}}},"2":{"name":"(anonymous_2)","decl":{"start":{"line":23,"column":33},"end":{"line":23,"column":48}},"loc":{"start":{"line":23,"column":48},"end":{"line":27,"column":5}}}},"branchMap":{"0":{"loc":{"start":{"line":17,"column":9},"end":{"line":17,"column":null}},"type":"binary-expr","locations":[{"start":{"line":17,"column":9},"end":{"line":17,"column":27}},{"start":{"line":17,"column":27},"end":{"line":17,"column":47}},{"start":{"line":17,"column":47},"end":{"line":17,"column":null}}]},"1":{"loc":{"start":{"line":18,"column":8},"end":{"line":18,"column":null}},"type":"binary-expr","locations":[{"start":{"line":18,"column":8},"end":{"line":18,"column":28}},{"start":{"line":18,"column":28},"end":{"line":18,"column":null}}]},"2":{"loc":{"start":{"line":40,"column":24},"end":{"line":40,"column":58}},"type":"cond-expr","locations":[{"start":{"line":40,"column":43},"end":{"line":40,"column":51}},{"start":{"line":40,"column":51},"end":{"line":40,"column":58}}]}},"s":{"0":2,"1":42,"2":42,"3":22,"4":22,"5":22,"6":42,"7":42,"8":52,"9":52,"10":42,"11":2},"f":{"0":42,"1":22,"2":52},"b":{"0":[22,6,6],"1":[22,14],"2":[13,29]}}
,"/Users/edwright/DFA Repos/NewGitHubRepos/developing-with-reactjs/activity-files/RoutedApplication/solution-activity21/src/Components/Footer.jsx": {"path":"/Users/edwright/DFA Repos/NewGitHubRepos/developing-with-reactjs/activity-files/RoutedApplication/solution-activity21/src/Components/Footer.jsx","statementMap":{"0":{"start":{"line":1,"column":15},"end":{"line":7,"column":null}},"1":{"start":{"line":2,"column":2},"end":{"line":5,"column":null}}},"fnMap":{"0":{"name":"(anonymous_0)","decl":{"start":{"line":1,"column":15},"end":{"line":1,"column":21}},"loc":{"start":{"line":1,"column":21},"end":{"line":7,"column":null}}}},"branchMap":{},"s":{"0":2,"1":18},"f":{"0":18},"b":{}}
,"/Users/edwright/DFA Repos/NewGitHubRepos/developing-with-reactjs/activity-files/RoutedApplication/solution-activity21/src/Components/Header.jsx": {"path":"/Users/edwright/DFA Repos/NewGitHubRepos/developing-with-reactjs/activity-files/RoutedApplication/solution-activity21/src/Components/Header.jsx","statementMap":{"0":{"start":{"line":6,"column":15},"end":{"line":34,"column":null}},"1":{"start":{"line":7,"column":23},"end":{"line":7,"column":null}},"2":{"start":{"line":9,"column":25},"end":{"line":13,"column":null}},"3":{"start":{"line":10,"column":24},"end":{"line":10,"column":null}},"4":{"start":{"line":11,"column":23},"end":{"line":11,"column":null}},"5":{"start":{"line":12,"column":4},"end":{"line":12,"column":null}},"6":{"start":{"line":15,"column":2},"end":{"line":32,"column":null}},"7":{"start":{"line":27,"column":57},"end":{"line":27,"column":100}},"8":{"start":{"line":28,"column":62},"end":{"line":28,"column":105}}},"fnMap":{"0":{"name":"(anonymous_0)","decl":{"start":{"line":6,"column":15},"end":{"line":6,"column":21}},"loc":{"start":{"line":6,"column":21},"end":{"line":34,"column":null}}},"1":{"name":"(anonymous_1)","decl":{"start":{"line":9,"column":25},"end":{"line":9,"column":31}},"loc":{"start":{"line":9,"column":31},"end":{"line":13,"column":null}}},"2":{"name":"(anonymous_2)","decl":{"start":{"line":27,"column":41},"end":{"line":27,"column":42}},"loc":{"start":{"line":27,"column":57},"end":{"line":27,"column":100}}},"3":{"name":"(anonymous_3)","decl":{"start":{"line":28,"column":44},"end":{"line":28,"column":45}},"loc":{"start":{"line":28,"column":62},"end":{"line":28,"column":105}}}},"branchMap":{"0":{"loc":{"start":{"line":11,"column":23},"end":{"line":11,"column":null}},"type":"binary-expr","locations":[{"start":{"line":11,"column":23},"end":{"line":11,"column":60}},{"start":{"line":11,"column":60},"end":{"line":11,"column":null}}]},"1":{"loc":{"start":{"line":27,"column":57},"end":{"line":27,"column":100}},"type":"cond-expr","locations":[{"start":{"line":27,"column":68},"end":{"line":27,"column":88}},{"start":{"line":27,"column":88},"end":{"line":27,"column":100}}]},"2":{"loc":{"start":{"line":28,"column":62},"end":{"line":28,"column":105}},"type":"cond-expr","locations":[{"start":{"line":28,"column":73},"end":{"line":28,"column":93}},{"start":{"line":28,"column":93},"end":{"line":28,"column":105}}]}},"s":{"0":2,"1":19,"2":19,"3":3,"4":3,"5":3,"6":19,"7":24,"8":24},"f":{"0":19,"1":3,"2":24,"3":24},"b":{"0":[3,2],"1":[21,3],"2":[2,22]}}
,"/Users/edwright/DFA Repos/NewGitHubRepos/developing-with-reactjs/activity-files/RoutedApplication/solution-activity21/src/Components/Todo.jsx": {"path":"/Users/edwright/DFA Repos/NewGitHubRepos/developing-with-reactjs/activity-files/RoutedApplication/solution-activity21/src/Components/Todo.jsx","statementMap":{"0":{"start":{"line":6,"column":13},"end":{"line":21,"column":null}},"1":{"start":{"line":8,"column":67},"end":{"line":8,"column":null}},"2":{"start":{"line":9,"column":22},"end":{"line":9,"column":null}},"3":{"start":{"line":10,"column":29},"end":{"line":10,"column":null}},"4":{"start":{"line":12,"column":20},"end":{"line":12,"column":null}},"5":{"start":{"line":14,"column":2},"end":{"line":19,"column":null}},"6":{"start":{"line":23,"column":0},"end":{"line":26,"column":null}}},"fnMap":{"0":{"name":"(anonymous_0)","decl":{"start":{"line":6,"column":13},"end":{"line":6,"column":14}},"loc":{"start":{"line":6,"column":27},"end":{"line":21,"column":null}}}},"branchMap":{"0":{"loc":{"start":{"line":10,"column":29},"end":{"line":10,"column":null}},"type":"cond-expr","locations":[{"start":{"line":10,"column":45},"end":{"line":10,"column":59}},{"start":{"line":10,"column":59},"end":{"line":10,"column":null}}]},"1":{"loc":{"start":{"line":12,"column":20},"end":{"line":12,"column":null}},"type":"cond-expr","locations":[{"start":{"line":12,"column":36},"end":{"line":12,"column":44}},{"start":{"line":12,"column":44},"end":{"line":12,"column":null}}]}},"s":{"0":3,"1":57,"2":57,"3":57,"4":57,"5":57,"6":3},"f":{"0":57},"b":{"0":[28,29],"1":[28,29]}}
,"/Users/edwright/DFA Repos/NewGitHubRepos/developing-with-reactjs/activity-files/RoutedApplication/solution-activity21/src/Components/TodoForm.jsx": {"path":"/Users/edwright/DFA Repos/NewGitHubRepos/developing-with-reactjs/activity-files/RoutedApplication/solution-activity21/src/Components/TodoForm.jsx","statementMap":{"0":{"start":{"line":7,"column":17},"end":{"line":108,"column":null}},"1":{"start":{"line":9,"column":50},"end":{"line":9,"column":null}},"2":{"start":{"line":10,"column":50},"end":{"line":10,"column":null}},"3":{"start":{"line":11,"column":46},"end":{"line":11,"column":null}},"4":{"start":{"line":12,"column":30},"end":{"line":12,"column":null}},"5":{"start":{"line":14,"column":23},"end":{"line":14,"column":null}},"6":{"start":{"line":16,"column":4},"end":{"line":36,"column":null}},"7":{"start":{"line":17,"column":8},"end":{"line":29,"column":null}},"8":{"start":{"line":18,"column":12},"end":{"line":28,"column":null}},"9":{"start":{"line":18,"column":57},"end":{"line":18,"column":87}},"10":{"start":{"line":19,"column":76},"end":{"line":19,"column":null}},"11":{"start":{"line":19,"column":102},"end":{"line":19,"column":132}},"12":{"start":{"line":20,"column":16},"end":{"line":20,"column":null}},"13":{"start":{"line":21,"column":16},"end":{"line":21,"column":null}},"14":{"start":{"line":22,"column":16},"end":{"line":22,"column":null}},"15":{"start":{"line":24,"column":16},"end":{"line":27,"column":null}},"16":{"start":{"line":30,"column":8},"end":{"line":35,"column":null}},"17":{"start":{"line":31,"column":12},"end":{"line":31,"column":null}},"18":{"start":{"line":32,"column":12},"end":{"line":32,"column":null}},"19":{"start":{"line":33,"column":12},"end":{"line":33,"column":null}},"20":{"start":{"line":34,"column":12},"end":{"line":34,"column":null}},"21":{"start":{"line":38,"column":4},"end":{"line":45,"column":null}},"22":{"start":{"line":39,"column":8},"end":{"line":44,"column":null}},"23":{"start":{"line":40,"column":12},"end":{"line":43,"column":null}},"24":{"start":{"line":47,"column":25},"end":{"line":53,"column":null}},"25":{"start":{"line":48,"column":8},"end":{"line":48,"column":null}},"26":{"start":{"line":49,"column":8},"end":{"line":49,"column":null}},"27":{"start":{"line":50,"column":8},"end":{"line":50,"column":null}},"28":{"start":{"line":51,"column":8},"end":{"line":51,"column":null}},"29":{"start":{"line":52,"column":8},"end":{"line":52,"column":null}},"30":{"start":{"line":56,"column":8},"end":{"line":59,"column":null}},"31":{"start":{"line":58,"column":75},"end":{"line":58,"column":108}},"32":{"start":{"line":63,"column":8},"end":{"line":66,"column":null}},"33":{"start":{"line":64,"column":59},"end":{"line":64,"column":99}},"34":{"start":{"line":69,"column":4},"end":{"line":106,"column":null}},"35":{"start":{"line":82,"column":43},"end":{"line":82,"column":null}},"36":{"start":{"line":97,"column":51},"end":{"line":97,"column":null}},"37":{"start":{"line":110,"column":0},"end":{"line":121,"column":null}}},"fnMap":{"0":{"name":"(anonymous_0)","decl":{"start":{"line":7,"column":17},"end":{"line":7,"column":18}},"loc":{"start":{"line":7,"column":54},"end":{"line":108,"column":null}}},"1":{"name":"(anonymous_1)","decl":{"start":{"line":16,"column":14},"end":{"line":16,"column":20}},"loc":{"start":{"line":16,"column":20},"end":{"line":36,"column":7}}},"2":{"name":"(anonymous_2)","decl":{"start":{"line":18,"column":42},"end":{"line":18,"column":57}},"loc":{"start":{"line":18,"column":57},"end":{"line":18,"column":87}}},"3":{"name":"(anonymous_3)","decl":{"start":{"line":19,"column":87},"end":{"line":19,"column":102}},"loc":{"start":{"line":19,"column":102},"end":{"line":19,"column":132}}},"4":{"name":"(anonymous_4)","decl":{"start":{"line":30,"column":15},"end":{"line":30,"column":21}},"loc":{"start":{"line":30,"column":21},"end":{"line":35,"column":null}}},"5":{"name":"(anonymous_5)","decl":{"start":{"line":38,"column":14},"end":{"line":38,"column":20}},"loc":{"start":{"line":38,"column":20},"end":{"line":45,"column":7}}},"6":{"name":"(anonymous_6)","decl":{"start":{"line":47,"column":25},"end":{"line":47,"column":34}},"loc":{"start":{"line":47,"column":34},"end":{"line":53,"column":null}}},"7":{"name":"(anonymous_7)","decl":{"start":{"line":58,"column":60},"end":{"line":58,"column":75}},"loc":{"start":{"line":58,"column":75},"end":{"line":58,"column":108}}},"8":{"name":"(anonymous_8)","decl":{"start":{"line":64,"column":53},"end":{"line":64,"column":59}},"loc":{"start":{"line":64,"column":59},"end":{"line":64,"column":99}}},"9":{"name":"(anonymous_9)","decl":{"start":{"line":82,"column":34},"end":{"line":82,"column":43}},"loc":{"start":{"line":82,"column":43},"end":{"line":82,"column":null}}},"10":{"name":"(anonymous_10)","decl":{"start":{"line":97,"column":42},"end":{"line":97,"column":51}},"loc":{"start":{"line":97,"column":51},"end":{"line":97,"column":null}}}},"branchMap":{"0":{"loc":{"start":{"line":17,"column":8},"end":{"line":29,"column":null}},"type":"if","locations":[{"start":{"line":17,"column":8},"end":{"line":29,"column":null}},{"start":{"line":17,"column":8},"end":{"line":29,"column":null}}]},"1":{"loc":{"start":{"line":18,"column":12},"end":{"line":28,"column":null}},"type":"if","locations":[{"start":{"line":18,"column":12},"end":{"line":28,"column":null}},{"start":{"line":23,"column":19},"end":{"line":28,"column":null}}]},"2":{"loc":{"start":{"line":18,"column":16},"end":{"line":18,"column":90}},"type":"binary-expr","locations":[{"start":{"line":18,"column":16},"end":{"line":18,"column":30}},{"start":{"line":18,"column":30},"end":{"line":18,"column":90}}]},"3":{"loc":{"start":{"line":39,"column":8},"end":{"line":44,"column":null}},"type":"if","locations":[{"start":{"line":39,"column":8},"end":{"line":44,"column":null}},{"start":{"line":39,"column":8},"end":{"line":44,"column":null}}]},"4":{"loc":{"start":{"line":57,"column":13},"end":{"line":57,"column":null}},"type":"binary-expr","locations":[{"start":{"line":57,"column":13},"end":{"line":57,"column":27}},{"start":{"line":57,"column":27},"end":{"line":57,"column":null}}]},"5":{"loc":{"start":{"line":58,"column":13},"end":{"line":58,"column":null}},"type":"binary-expr","locations":[{"start":{"line":58,"column":13},"end":{"line":58,"column":28}},{"start":{"line":58,"column":28},"end":{"line":58,"column":null}}]},"6":{"loc":{"start":{"line":64,"column":13},"end":{"line":64,"column":null}},"type":"binary-expr","locations":[{"start":{"line":64,"column":13},"end":{"line":64,"column":30}},{"start":{"line":64,"column":30},"end":{"line":64,"column":null}}]},"7":{"loc":{"start":{"line":65,"column":13},"end":{"line":65,"column":null}},"type":"binary-expr","locations":[{"start":{"line":65,"column":13},"end":{"line":65,"column":31}},{"start":{"line":65,"column":31},"end":{"line":65,"column":59}},{"start":{"line":65,"column":59},"end":{"line":65,"column":null}}]},"8":{"loc":{"start":{"line":89,"column":18},"end":{"line":99,"column":null}},"type":"binary-expr","locations":[{"start":{"line":89,"column":18},"end":{"line":89,"column":null}},{"start":{"line":90,"column":24},"end":{"line":99,"column":null}}]},"9":{"loc":{"start":{"line":103,"column":74},"end":{"line":103,"column":121}},"type":"cond-expr","locations":[{"start":{"line":103,"column":93},"end":{"line":103,"column":108}},{"start":{"line":103,"column":108},"end":{"line":103,"column":121}}]}},"s":{"0":3,"1":311,"2":311,"3":311,"4":311,"5":311,"6":311,"7":23,"8":10,"9":24,"10":8,"11":24,"12":8,"13":8,"14":8,"15":2,"16":23,"17":23,"18":23,"19":23,"20":23,"21":311,"22":23,"23":1,"24":311,"25":5,"26":5,"27":5,"28":5,"29":5,"30":311,"31":147,"32":311,"33":1,"34":311,"35":129,"36":1,"37":3},"f":{"0":311,"1":23,"2":24,"3":24,"4":23,"5":23,"6":5,"7":147,"8":1,"9":129,"10":1},"b":{"0":[10,13],"1":[8,2],"2":[10,8],"3":[1,22],"4":[311,37],"5":[311,274],"6":[311,6],"7":[311,305,1],"8":[311,37],"9":[64,247]}}
,"/Users/edwright/DFA Repos/NewGitHubRepos/developing-with-reactjs/activity-files/RoutedApplication/solution-activity21/src/Components/utils/DateCreated.jsx": {"path":"/Users/edwright/DFA Repos/NewGitHubRepos/developing-with-reactjs/activity-files/RoutedApplication/solution-activity21/src/Components/utils/DateCreated.jsx","statementMap":{"0":{"start":{"line":4,"column":20},"end":{"line":28,"column":null}},"1":{"start":{"line":5,"column":26},"end":{"line":5,"column":null}},"2":{"start":{"line":7,"column":2},"end":{"line":13,"column":null}},"3":{"start":{"line":8,"column":21},"end":{"line":10,"column":null}},"4":{"start":{"line":9,"column":6},"end":{"line":9,"column":null}},"5":{"start":{"line":12,"column":4},"end":{"line":12,"column":null}},"6":{"start":{"line":12,"column":17},"end":{"line":12,"column":null}},"7":{"start":{"line":15,"column":2},"end":{"line":17,"column":null}},"8":{"start":{"line":16,"column":4},"end":{"line":16,"column":null}},"9":{"start":{"line":19,"column":2},"end":{"line":26,"column":null}},"10":{"start":{"line":30,"column":0},"end":{"line":33,"column":null}},"11":{"start":{"line":31,"column":27},"end":{"line":31,"column":null}},"12":{"start":{"line":35,"column":0},"end":{"line":38,"column":null}}},"fnMap":{"0":{"name":"(anonymous_0)","decl":{"start":{"line":4,"column":20},"end":{"line":4,"column":21}},"loc":{"start":{"line":4,"column":60},"end":{"line":28,"column":null}}},"1":{"name":"(anonymous_1)","decl":{"start":{"line":7,"column":12},"end":{"line":7,"column":18}},"loc":{"start":{"line":7,"column":18},"end":{"line":13,"column":3}}},"2":{"name":"(anonymous_2)","decl":{"start":{"line":8,"column":33},"end":{"line":8,"column":39}},"loc":{"start":{"line":8,"column":39},"end":{"line":10,"column":7}}},"3":{"name":"(anonymous_3)","decl":{"start":{"line":12,"column":11},"end":{"line":12,"column":17}},"loc":{"start":{"line":12,"column":17},"end":{"line":12,"column":null}}},"4":{"name":"(anonymous_4)","decl":{"start":{"line":15,"column":12},"end":{"line":15,"column":18}},"loc":{"start":{"line":15,"column":18},"end":{"line":17,"column":5}}},"5":{"name":"(anonymous_5)","decl":{"start":{"line":31,"column":21},"end":{"line":31,"column":27}},"loc":{"start":{"line":31,"column":27},"end":{"line":31,"column":null}}}},"branchMap":{},"s":{"0":4,"1":150,"2":150,"3":150,"4":0,"5":150,"6":150,"7":150,"8":150,"9":150,"10":4,"11":1,"12":4},"f":{"0":150,"1":150,"2":0,"3":150,"4":150,"5":1},"b":{}}
,"/Users/edwright/DFA Repos/NewGitHubRepos/developing-with-reactjs/activity-files/RoutedApplication/solution-activity21/src/Components/utils/InfoModal.jsx": {"path":"/Users/edwright/DFA Repos/NewGitHubRepos/developing-with-reactjs/activity-files/RoutedApplication/solution-activity21/src/Components/utils/InfoModal.jsx","statementMap":{"0":{"start":{"line":5,"column":18},"end":{"line":67,"column":null}},"1":{"start":{"line":6,"column":21},"end":{"line":6,"column":null}},"2":{"start":{"line":8,"column":22},"end":{"line":16,"column":null}},"3":{"start":{"line":9,"column":25},"end":{"line":9,"column":null}},"4":{"start":{"line":10,"column":24},"end":{"line":14,"column":null}},"5":{"start":{"line":15,"column":8},"end":{"line":15,"column":null}},"6":{"start":{"line":18,"column":22},"end":{"line":22,"column":null}},"7":{"start":{"line":19,"column":25},"end":{"line":19,"column":null}},"8":{"start":{"line":20,"column":24},"end":{"line":20,"column":null}},"9":{"start":{"line":21,"column":8},"end":{"line":21,"column":null}},"10":{"start":{"line":24,"column":4},"end":{"line":26,"column":null}},"11":{"start":{"line":25,"column":8},"end":{"line":25,"column":null}},"12":{"start":{"line":28,"column":4},"end":{"line":65,"column":null}},"13":{"start":{"line":44,"column":49},"end":{"line":44,"column":62}},"14":{"start":{"line":44,"column":62},"end":{"line":44,"column":76}},"15":{"start":{"line":56,"column":49},"end":{"line":56,"column":62}},"16":{"start":{"line":56,"column":62},"end":{"line":56,"column":76}},"17":{"start":{"line":69,"column":0},"end":{"line":72,"column":null}}},"fnMap":{"0":{"name":"(anonymous_0)","decl":{"start":{"line":5,"column":18},"end":{"line":5,"column":19}},"loc":{"start":{"line":5,"column":47},"end":{"line":67,"column":null}}},"1":{"name":"(anonymous_1)","decl":{"start":{"line":8,"column":22},"end":{"line":8,"column":28}},"loc":{"start":{"line":8,"column":28},"end":{"line":16,"column":null}}},"2":{"name":"(anonymous_2)","decl":{"start":{"line":18,"column":22},"end":{"line":18,"column":28}},"loc":{"start":{"line":18,"column":28},"end":{"line":22,"column":null}}},"3":{"name":"(anonymous_3)","decl":{"start":{"line":24,"column":20},"end":{"line":24,"column":26}},"loc":{"start":{"line":24,"column":26},"end":{"line":26,"column":7}}},"4":{"name":"(anonymous_4)","decl":{"start":{"line":44,"column":41},"end":{"line":44,"column":47}},"loc":{"start":{"line":44,"column":47},"end":{"line":44,"column":null}}},"5":{"name":"(anonymous_5)","decl":{"start":{"line":56,"column":41},"end":{"line":56,"column":47}},"loc":{"start":{"line":56,"column":47},"end":{"line":56,"column":null}}}},"branchMap":{},"s":{"0":4,"1":9,"2":9,"3":9,"4":9,"5":9,"6":9,"7":5,"8":5,"9":5,"10":9,"11":9,"12":9,"13":2,"14":2,"15":3,"16":3,"17":4},"f":{"0":9,"1":9,"2":5,"3":9,"4":2,"5":3},"b":{}}
,"/Users/edwright/DFA Repos/NewGitHubRepos/developing-with-reactjs/activity-files/RoutedApplication/solution-activity21/src/Components/utils/Todo.model.js": {"path":"/Users/edwright/DFA Repos/NewGitHubRepos/developing-with-reactjs/activity-files/RoutedApplication/solution-activity21/src/Components/utils/Todo.model.js","statementMap":{"0":{"start":{"line":3,"column":4},"end":{"line":3,"column":43}},"1":{"start":{"line":4,"column":4},"end":{"line":4,"column":43}},"2":{"start":{"line":5,"column":4},"end":{"line":5,"column":39}},"3":{"start":{"line":6,"column":4},"end":{"line":6,"column":19}}},"fnMap":{"0":{"name":"(anonymous_0)","decl":{"start":{"line":2,"column":2},"end":{"line":2,"column":13}},"loc":{"start":{"line":2,"column":68},"end":{"line":7,"column":3}}}},"branchMap":{},"s":{"0":62,"1":62,"2":62,"3":62},"f":{"0":62},"b":{}}
,"/Users/edwright/DFA Repos/NewGitHubRepos/developing-with-reactjs/activity-files/RoutedApplication/solution-activity21/src/Components/utils/generateId.js": {"path":"/Users/edwright/DFA Repos/NewGitHubRepos/developing-with-reactjs/activity-files/RoutedApplication/solution-activity21/src/Components/utils/generateId.js","statementMap":{"0":{"start":{"line":1,"column":23},"end":{"line":6,"column":1}},"1":{"start":{"line":2,"column":20},"end":{"line":2,"column":66}},"2":{"start":{"line":3,"column":4},"end":{"line":5,"column":21}},"3":{"start":{"line":4,"column":8},"end":{"line":4,"column":53}}},"fnMap":{"0":{"name":"(anonymous_0)","decl":{"start":{"line":1,"column":23},"end":{"line":1,"column":24}},"loc":{"start":{"line":1,"column":29},"end":{"line":6,"column":1}}},"1":{"name":"(anonymous_1)","decl":{"start":{"line":3,"column":58},"end":{"line":3,"column":66}},"loc":{"start":{"line":3,"column":70},"end":{"line":5,"column":5}}}},"branchMap":{},"s":{"0":1,"1":1,"2":1,"3":16},"f":{"0":1,"1":16},"b":{}}
,"/Users/edwright/DFA Repos/NewGitHubRepos/developing-with-reactjs/activity-files/RoutedApplication/solution-activity21/src/services/todosdata.service.js": {"path":"/Users/edwright/DFA Repos/NewGitHubRepos/developing-with-reactjs/activity-files/RoutedApplication/solution-activity21/src/services/todosdata.service.js","statementMap":{"0":{"start":{"line":3,"column":31},"end":{"line":12,"column":1}},"1":{"start":{"line":4,"column":4},"end":{"line":11,"column":5}},"2":{"start":{"line":5,"column":20},"end":{"line":5,"column":70}},"3":{"start":{"line":6,"column":8},"end":{"line":6,"column":50}},"4":{"start":{"line":6,"column":34},"end":{"line":6,"column":50}},"5":{"start":{"line":7,"column":8},"end":{"line":7,"column":53}},"6":{"start":{"line":10,"column":8},"end":{"line":10,"column":17}},"7":{"start":{"line":14,"column":33},"end":{"line":24,"column":null}},"8":{"start":{"line":15,"column":4},"end":{"line":23,"column":5}},"9":{"start":{"line":16,"column":20},"end":{"line":19,"column":78}},"10":{"start":{"line":20,"column":8},"end":{"line":20,"column":34}},"11":{"start":{"line":22,"column":8},"end":{"line":22,"column":17}}},"fnMap":{"0":{"name":"(anonymous_0)","decl":{"start":{"line":3,"column":31},"end":{"line":3,"column":32}},"loc":{"start":{"line":3,"column":43},"end":{"line":12,"column":1}}},"1":{"name":"(anonymous_1)","decl":{"start":{"line":14,"column":33},"end":{"line":14,"column":34}},"loc":{"start":{"line":14,"column":56},"end":{"line":24,"column":null}}}},"branchMap":{"0":{"loc":{"start":{"line":6,"column":8},"end":{"line":6,"column":50}},"type":"if","locations":[{"start":{"line":6,"column":8},"end":{"line":6,"column":50}},{"start":{"line":6,"column":8},"end":{"line":6,"column":50}}]},"1":{"loc":{"start":{"line":16,"column":20},"end":{"line":19,"column":78}},"type":"cond-expr","locations":[{"start":{"line":17,"column":12},"end":{"line":17,"column":103}},{"start":{"line":19,"column":12},"end":{"line":19,"column":78}}]}},"s":{"0":1,"1":4,"2":4,"3":3,"4":2,"5":1,"6":2,"7":1,"8":6,"9":6,"10":4,"11":4},"f":{"0":4,"1":6},"b":{"0":[2,1],"1":[3,3]}}
}
